<?xml version="1.0" encoding="UTF-8"?>
<!-- Generated by org.testng.reporters.JUnitXMLReporter -->
<testsuite hostname="ASHISH-HP" ignored="0" name="Login Test" tests="4" failures="1" timestamp="05 Nov 2021 13:06:43 GMT" time="11.025" errors="0">
  <testcase name="doUserReg" time="0.074" classname="org.freecrm.login.LoginTest">
    <failure type="java.lang.AssertionError" message="User Reg failed">
      <![CDATA[java.lang.AssertionError: User Reg failed
at org.freecrm.login.LoginTest.doUserReg(LoginTest.java:73)
... Removed 35 stack frames]]>
    </failure>
  </testcase> <!-- doUserReg -->
  <testcase name="isSkipped" time="0.001" classname="org.freecrm.login.LoginTest">
    <skipped/>
  </testcase> <!-- isSkipped -->
  <testcase name="verifyPresenceOfElements" time="0.003" classname="org.freecrm.login.LoginTest"/>
  <testcase name="testLogin" time="8.379" classname="org.freecrm.login.LoginTest"/>
</testsuite> <!-- Login Test -->
