<?xml version="1.0" encoding="UTF-8" ?>
<testsuite tests="5" failures="1" name="TestSuite" time="9.176" errors="0" skipped="1">
  <properties>
[...]
</properties>
  <testcase classname="org.freecrm.login.LoginTest" name="doUserReg" time="0.093">
    <failure message="User Reg failed" type="java.lang.AssertionError">java.lang.AssertionError: User Reg failed
	at org.testng.Assert.fail(Assert.java:96)
	at org.freecrm.login.LoginTest.doUserReg(LoginTest.java:73)
</failure>
    <system-err>SLF4J: Failed to load class &quot;org.slf4j.impl.StaticLoggerBinder&quot;.
SLF4J: Defaulting to no-operation (NOP) logger implementation
SLF4J: See http://www.slf4j.org/codes.html#StaticLoggerBinder for further details.
Starting ChromeDriver 95.0.4638.54 (d31a821ec901f68d0d34ccdbaea45b4c86ce543e-refs/branch-heads/4638@{#871}) on port 35689
Only local connections are allowed.
Please see https://chromedriver.chromium.org/security-considerations for suggestions on keeping ChromeDriver safe.
ChromeDriver was started successfully.
Nov 05, 2021 6:36:25 PM org.openqa.selenium.remote.ProtocolHandshake createSession
INFO: Detected dialect: W3C
</system-err>
  </testcase>
  <testcase classname="org.freecrm.login.LoginTest" name="isSkipped" time="0.001">
    <skipped/>
  </testcase>
  <testcase classname="org.freecrm.login.LoginTest" name="verifyPresenceOfElements" time="0.004"/>
  <testcase classname="org.freecrm.login.LoginTest" name="testLogin" time="8.38"/>
  <testcase classname="org.freecrm.logout.LogoutTest" name="performLogout" time="0.698"/>
</testsuite>