<?xml version="1.0" encoding="UTF-8"?>
<!-- Generated by org.testng.reporters.JUnitXMLReporter -->
<testsuite hostname="ASHISH-HP" name="Login Test" tests="4" failures="1" timestamp="5 Nov 2021 13:07:20 GMT" time="11.248" errors="0">
  <testcase name="doUserReg" time="0.044" classname="org.freecrm.login.LoginTest">
    <failure type="java.lang.AssertionError" message="User Reg failed">
      <![CDATA[java.lang.AssertionError: User Reg failed
	at org.freecrm.login.LoginTest.doUserReg(LoginTest.java:73)
... Removed 26 stack frames]]>
    </failure>
  </testcase> <!-- doUserReg -->
  <testcase name="isSkipped" time="0.004" classname="org.freecrm.login.LoginTest">
    <skipped/>
  </testcase> <!-- isSkipped -->
  <testcase name="verifyPresenceOfElements" time="0.004" classname="org.freecrm.login.LoginTest"/>
  <testcase name="testLogin" time="8.619" classname="org.freecrm.login.LoginTest"/>
</testsuite> <!-- Login Test -->
